<?xml version="1.0" encoding="UTF-8"?>
<!-- Generated by org.testng.reporters.JUnitXMLReporter -->
<testsuite hostname="DESKTOP-A4LASFF" name="Test" tests="9" failures="0" timestamp="22 Aug 2019 04:31:02 GMT" time="13.997" errors="0">
  <testcase name="test3" time="0.012" classname="org.test.Employee"/>
  <testcase name="test2" time="13.944" classname="org.test.Simple"/>
  <testcase name="test5" time="0.001" classname="org.test.Employee"/>
  <testcase name="test4" time="0.001" classname="org.test.Employee"/>
  <testcase name="test2" time="0.0" classname="org.test.Employee"/>
  <testcase name="test1" time="0.001" classname="org.test.Employee"/>
  <testcase name="test5" time="0.001" classname="org.test.Simple"/>
  <testcase name="test4" time="0.001" classname="org.test.Simple"/>
  <testcase name="test3" time="0.001" classname="org.test.Simple"/>
</testsuite> <!-- Test -->
