<?xml version="1.0" encoding="UTF-8"?>
<testng-results skipped="0" failed="0" total="4" passed="4">
  <reporter-output>
  </reporter-output>
  <suite name="Default suite" duration-ms="86242" started-at="2019-08-22T06:31:57Z" finished-at="2019-08-22T06:33:23Z">
    <groups>
    </groups>
    <test name="Default test" duration-ms="86242" started-at="2019-08-22T06:31:57Z" finished-at="2019-08-22T06:33:23Z">
      <class name="org.test.Fb">
        <test-method status="PASS" signature="test1(java.lang.String, java.lang.String)[pri:0, instance:org.test.Fb@282ba1e]" name="test1" duration-ms="29932" started-at="2019-08-22T12:01:57Z" data-provider="res1" finished-at="2019-08-22T12:02:27Z">
          <params>
            <param index="0">
              <value>
                <![CDATA[10]]>
              </value>
            </param>
            <param index="1">
              <value>
                <![CDATA[java]]>
              </value>
            </param>
          </params>
          <reporter-output>
          </reporter-output>
        </test-method> <!-- test1 -->
        <test-method status="PASS" signature="test1(java.lang.String, java.lang.String)[pri:0, instance:org.test.Fb@282ba1e]" name="test1" duration-ms="30414" started-at="2019-08-22T12:01:57Z" data-provider="res1" finished-at="2019-08-22T12:02:27Z">
          <params>
            <param index="0">
              <value>
                <![CDATA[20]]>
              </value>
            </param>
            <param index="1">
              <value>
                <![CDATA[sel]]>
              </value>
            </param>
          </params>
          <reporter-output>
          </reporter-output>
        </test-method> <!-- test1 -->
        <test-method status="PASS" signature="test2(java.lang.String, java.lang.String)[pri:0, instance:org.test.Fb@282ba1e]" name="test2" duration-ms="18861" started-at="2019-08-22T12:02:27Z" data-provider="res2" finished-at="2019-08-22T12:02:46Z">
          <params>
            <param index="0">
              <value>
                <![CDATA[100]]>
              </value>
            </param>
            <param index="1">
              <value>
                <![CDATA[javaaa]]>
              </value>
            </param>
          </params>
          <reporter-output>
          </reporter-output>
        </test-method> <!-- test2 -->
        <test-method status="PASS" signature="test2(java.lang.String, java.lang.String)[pri:0, instance:org.test.Fb@282ba1e]" name="test2" duration-ms="36891" started-at="2019-08-22T12:02:46Z" data-provider="res2" finished-at="2019-08-22T12:03:23Z">
          <params>
            <param index="0">
              <value>
                <![CDATA[200]]>
              </value>
            </param>
            <param index="1">
              <value>
                <![CDATA[selenium]]>
              </value>
            </param>
          </params>
          <reporter-output>
          </reporter-output>
        </test-method> <!-- test2 -->
      </class> <!-- org.test.Fb -->
    </test> <!-- Default test -->
  </suite> <!-- Default suite -->
</testng-results>
